Performing C SOURCE FILE Test CMAKE_HAVE_LIBC_PTHREAD failed with the following output:
Change Dir: /tmp/tmp.Y6NElX1M2E/cmake-build-debug-dias33/CMakeFiles/CMakeTmp

Run Build Command(s):/usr/bin/make -f Makefile cmTC_4d1c1/fast && /usr/bin/make  -f CMakeFiles/cmTC_4d1c1.dir/build.make CMakeFiles/cmTC_4d1c1.dir/build
make[1]: Entering directory '/tmp/tmp.Y6NElX1M2E/cmake-build-debug-dias33/CMakeFiles/CMakeTmp'
Building C object CMakeFiles/cmTC_4d1c1.dir/src.c.o
/scratch/pelago/llvm-14/opt/bin/clang -DCMAKE_HAVE_LIBC_PTHREAD  -ffunction-sections -fdata-sections -march=native -mtune=native -fvisibility-inlines-hidden -O3  -fPIE -MD -MT CMakeFiles/cmTC_4d1c1.dir/src.c.o -MF CMakeFiles/cmTC_4d1c1.dir/src.c.o.d -o CMakeFiles/cmTC_4d1c1.dir/src.c.o -c /tmp/tmp.Y6NElX1M2E/cmake-build-debug-dias33/CMakeFiles/CMakeTmp/src.c
Linking C executable cmTC_4d1c1
/scratch/pelago/builds/llvm-14/opt/bin/cmake -E cmake_link_script CMakeFiles/cmTC_4d1c1.dir/link.txt --verbose=1
/scratch/pelago/llvm-14/opt/bin/clang -ffunction-sections -fdata-sections -march=native -mtune=native -fvisibility-inlines-hidden -O3   -stdlib=libc++  CMakeFiles/cmTC_4d1c1.dir/src.c.o -o cmTC_4d1c1 
CMakeFiles/cmTC_4d1c1.dir/src.c.o: In function `main':
src.c:(.text.main+0x10): undefined reference to `pthread_create'
src.c:(.text.main+0x19): undefined reference to `pthread_detach'
src.c:(.text.main+0x22): undefined reference to `pthread_cancel'
src.c:(.text.main+0x2d): undefined reference to `pthread_join'
src.c:(.text.main+0x38): undefined reference to `pthread_atfork'
clang-14: error: linker command failed with exit code 1 (use -v to see invocation)
CMakeFiles/cmTC_4d1c1.dir/build.make:99: recipe for target 'cmTC_4d1c1' failed
make[1]: *** [cmTC_4d1c1] Error 1
make[1]: Leaving directory '/tmp/tmp.Y6NElX1M2E/cmake-build-debug-dias33/CMakeFiles/CMakeTmp'
Makefile:127: recipe for target 'cmTC_4d1c1/fast' failed
make: *** [cmTC_4d1c1/fast] Error 2


Source file was:
#include <pthread.h>

static void* test_func(void* data)
{
  return data;
}

int main(void)
{
  pthread_t thread;
  pthread_create(&thread, NULL, test_func, NULL);
  pthread_detach(thread);
  pthread_cancel(thread);
  pthread_join(thread, NULL);
  pthread_atfork(NULL, NULL, NULL);
  pthread_exit(NULL);

  return 0;
}

Determining if the function pthread_create exists in the pthreads failed with the following output:
Change Dir: /tmp/tmp.Y6NElX1M2E/cmake-build-debug-dias33/CMakeFiles/CMakeTmp

Run Build Command(s):/usr/bin/make -f Makefile cmTC_bbe6c/fast && /usr/bin/make  -f CMakeFiles/cmTC_bbe6c.dir/build.make CMakeFiles/cmTC_bbe6c.dir/build
make[1]: Entering directory '/tmp/tmp.Y6NElX1M2E/cmake-build-debug-dias33/CMakeFiles/CMakeTmp'
Building C object CMakeFiles/cmTC_bbe6c.dir/CheckFunctionExists.c.o
/scratch/pelago/llvm-14/opt/bin/clang   -ffunction-sections -fdata-sections -march=native -mtune=native -fvisibility-inlines-hidden -O3 -DCHECK_FUNCTION_EXISTS=pthread_create -fPIE -MD -MT CMakeFiles/cmTC_bbe6c.dir/CheckFunctionExists.c.o -MF CMakeFiles/cmTC_bbe6c.dir/CheckFunctionExists.c.o.d -o CMakeFiles/cmTC_bbe6c.dir/CheckFunctionExists.c.o -c /scratch/pelago/builds/llvm-14/opt/share/cmake-3.23/Modules/CheckFunctionExists.c
Linking C executable cmTC_bbe6c
/scratch/pelago/builds/llvm-14/opt/bin/cmake -E cmake_link_script CMakeFiles/cmTC_bbe6c.dir/link.txt --verbose=1
/scratch/pelago/llvm-14/opt/bin/clang -ffunction-sections -fdata-sections -march=native -mtune=native -fvisibility-inlines-hidden -O3 -DCHECK_FUNCTION_EXISTS=pthread_create  -stdlib=libc++  CMakeFiles/cmTC_bbe6c.dir/CheckFunctionExists.c.o -o cmTC_bbe6c  -lpthreads 
/usr/bin/x86_64-linux-gnu-ld: cannot find -lpthreads
clang-14: error: linker command failed with exit code 1 (use -v to see invocation)
CMakeFiles/cmTC_bbe6c.dir/build.make:99: recipe for target 'cmTC_bbe6c' failed
make[1]: *** [cmTC_bbe6c] Error 1
make[1]: Leaving directory '/tmp/tmp.Y6NElX1M2E/cmake-build-debug-dias33/CMakeFiles/CMakeTmp'
Makefile:127: recipe for target 'cmTC_bbe6c/fast' failed
make: *** [cmTC_bbe6c/fast] Error 2



Performing C++ SOURCE FILE Test HAVE_CXX_FLAG_WD654 failed with the following output:
Change Dir: /tmp/tmp.Y6NElX1M2E/cmake-build-debug-dias33/CMakeFiles/CMakeTmp

Run Build Command(s):/usr/bin/make -f Makefile cmTC_6cc41/fast && /usr/bin/make  -f CMakeFiles/cmTC_6cc41.dir/build.make CMakeFiles/cmTC_6cc41.dir/build
make[1]: Entering directory '/tmp/tmp.Y6NElX1M2E/cmake-build-debug-dias33/CMakeFiles/CMakeTmp'
Building CXX object CMakeFiles/cmTC_6cc41.dir/src.cxx.o
/scratch/pelago/llvm-14/opt/bin/clang++ -DHAVE_CXX_FLAG_WD654  -stdlib=libc++ -ffunction-sections -fdata-sections -march=native -mtune=native -fvisibility-inlines-hidden -O3  -Wall  -Wextra  -Wshadow  -Wfloat-equal  -Wsuggest-override  -pedantic  -pedantic-errors  -Wshorten-64-to-32  -fstrict-aliasing  -Wno-deprecated-declarations  -Wstrict-aliasing  -wd654 -fPIE   -wd654 -std=c++11 -MD -MT CMakeFiles/cmTC_6cc41.dir/src.cxx.o -MF CMakeFiles/cmTC_6cc41.dir/src.cxx.o.d -o CMakeFiles/cmTC_6cc41.dir/src.cxx.o -c /tmp/tmp.Y6NElX1M2E/cmake-build-debug-dias33/CMakeFiles/CMakeTmp/src.cxx
clang-14: error: unknown argument: '-wd654'
clang-14: error: unknown argument: '-wd654'
CMakeFiles/cmTC_6cc41.dir/build.make:78: recipe for target 'CMakeFiles/cmTC_6cc41.dir/src.cxx.o' failed
make[1]: *** [CMakeFiles/cmTC_6cc41.dir/src.cxx.o] Error 1
make[1]: Leaving directory '/tmp/tmp.Y6NElX1M2E/cmake-build-debug-dias33/CMakeFiles/CMakeTmp'
Makefile:127: recipe for target 'cmTC_6cc41/fast' failed
make: *** [cmTC_6cc41/fast] Error 2


Source file was:
int main() { return 0; }
