The system is: Linux - 4.15.0-142-generic - x86_64
Compiling the C compiler identification source file "CMakeCCompilerId.c" succeeded.
Compiler: /scratch/pelago/llvm-14/opt/bin/clang 
Build flags: 
Id flags:  

The output was:
0


Compilation of the C compiler identification source "CMakeCCompilerId.c" produced "a.out"

The C compiler identification is Clang, found in "/tmp/tmp.Y6NElX1M2E/cmake-build-debug-dias33/CMakeFiles/3.23.0/CompilerIdC/a.out"

Compiling the CXX compiler identification source file "CMakeCXXCompilerId.cpp" succeeded.
Compiler: /scratch/pelago/llvm-14/opt/bin/clang++ 
Build flags: ;-stdlib=libc++
Id flags:  

The output was:
0


Compilation of the CXX compiler identification source "CMakeCXXCompilerId.cpp" produced "a.out"

The CXX compiler identification is Clang, found in "/tmp/tmp.Y6NElX1M2E/cmake-build-debug-dias33/CMakeFiles/3.23.0/CompilerIdCXX/a.out"

Detecting C compiler ABI info compiled with the following output:
Change Dir: /tmp/tmp.Y6NElX1M2E/cmake-build-debug-dias33/CMakeFiles/CMakeTmp

Run Build Command(s):/usr/bin/make -f Makefile cmTC_77a7a/fast && /usr/bin/make  -f CMakeFiles/cmTC_77a7a.dir/build.make CMakeFiles/cmTC_77a7a.dir/build
make[1]: Entering directory '/tmp/tmp.Y6NElX1M2E/cmake-build-debug-dias33/CMakeFiles/CMakeTmp'
Building C object CMakeFiles/cmTC_77a7a.dir/CMakeCCompilerABI.c.o
/scratch/pelago/llvm-14/opt/bin/clang   -v -MD -MT CMakeFiles/cmTC_77a7a.dir/CMakeCCompilerABI.c.o -MF CMakeFiles/cmTC_77a7a.dir/CMakeCCompilerABI.c.o.d -o CMakeFiles/cmTC_77a7a.dir/CMakeCCompilerABI.c.o -c /scratch/pelago/builds/llvm-14/opt/share/cmake-3.23/Modules/CMakeCCompilerABI.c
clang version 14.0.0 (https://github.com/llvm/llvm-project 329fda39c507e8740978d10458451dcdb21563be)
Target: x86_64-unknown-linux-gnu
Thread model: posix
InstalledDir: /scratch/pelago/llvm-14/opt/bin
Found candidate GCC installation: /usr/lib/gcc/i686-linux-gnu/8
Found candidate GCC installation: /usr/lib/gcc/x86_64-linux-gnu/6
Found candidate GCC installation: /usr/lib/gcc/x86_64-linux-gnu/6.5.0
Found candidate GCC installation: /usr/lib/gcc/x86_64-linux-gnu/7
Found candidate GCC installation: /usr/lib/gcc/x86_64-linux-gnu/7.5.0
Found candidate GCC installation: /usr/lib/gcc/x86_64-linux-gnu/8
Selected GCC installation: /usr/lib/gcc/x86_64-linux-gnu/7.5.0
Candidate multilib: .;@m64
Selected multilib: .;@m64
Found CUDA installation: /usr/local/cuda-11.3, version 11.3
 (in-process)
 "/scratch/pelago/builds/llvm-14/opt/bin/clang-14" -cc1 -triple x86_64-unknown-linux-gnu -emit-obj -mrelax-all --mrelax-relocations -disable-free -clear-ast-before-backend -main-file-name CMakeCCompilerABI.c -mrelocation-model static -mframe-pointer=all -fmath-errno -ffp-contract=on -fno-rounding-math -mconstructor-aliases -funwind-tables=2 -target-cpu x86-64 -tune-cpu generic -mllvm -treat-scalable-fixed-error-as-warning -debugger-tuning=gdb -v -fcoverage-compilation-dir=/tmp/tmp.Y6NElX1M2E/cmake-build-debug-dias33/CMakeFiles/CMakeTmp -resource-dir /scratch/pelago/builds/llvm-14/opt/lib/clang/14.0.0 -dependency-file CMakeFiles/cmTC_77a7a.dir/CMakeCCompilerABI.c.o.d -MT CMakeFiles/cmTC_77a7a.dir/CMakeCCompilerABI.c.o -sys-header-deps -internal-isystem /scratch/pelago/builds/llvm-14/opt/lib/clang/14.0.0/include -internal-isystem /usr/local/include -internal-isystem /usr/lib/gcc/x86_64-linux-gnu/7.5.0/../../../../x86_64-linux-gnu/include -internal-externc-isystem /usr/include/x86_64-linux-gnu -internal-externc-isystem /usr/include -fdebug-compilation-dir=/tmp/tmp.Y6NElX1M2E/cmake-build-debug-dias33/CMakeFiles/CMakeTmp -ferror-limit 19 -fgnuc-version=4.2.1 -faddrsig -D__GCC_HAVE_DWARF2_CFI_ASM=1 -o CMakeFiles/cmTC_77a7a.dir/CMakeCCompilerABI.c.o -x c /scratch/pelago/builds/llvm-14/opt/share/cmake-3.23/Modules/CMakeCCompilerABI.c
clang -cc1 version 14.0.0 based upon LLVM 14.0.0 default target x86_64-linux-gnu
ignoring nonexistent directory "/usr/lib/gcc/x86_64-linux-gnu/7.5.0/../../../../x86_64-linux-gnu/include"
#include "..." search starts here:
#include <...> search starts here:
 /scratch/pelago/builds/llvm-14/opt/lib/clang/14.0.0/include
 /usr/local/include
 /usr/include/x86_64-linux-gnu
 /usr/include
End of search list.
Linking C executable cmTC_77a7a
/scratch/pelago/builds/llvm-14/opt/bin/cmake -E cmake_link_script CMakeFiles/cmTC_77a7a.dir/link.txt --verbose=1
/scratch/pelago/llvm-14/opt/bin/clang  -stdlib=libc++ -v CMakeFiles/cmTC_77a7a.dir/CMakeCCompilerABI.c.o -o cmTC_77a7a 
clang version 14.0.0 (https://github.com/llvm/llvm-project 329fda39c507e8740978d10458451dcdb21563be)
Target: x86_64-unknown-linux-gnu
Thread model: posix
InstalledDir: /scratch/pelago/llvm-14/opt/bin
Found candidate GCC installation: /usr/lib/gcc/i686-linux-gnu/8
Found candidate GCC installation: /usr/lib/gcc/x86_64-linux-gnu/6
Found candidate GCC installation: /usr/lib/gcc/x86_64-linux-gnu/6.5.0
Found candidate GCC installation: /usr/lib/gcc/x86_64-linux-gnu/7
Found candidate GCC installation: /usr/lib/gcc/x86_64-linux-gnu/7.5.0
Found candidate GCC installation: /usr/lib/gcc/x86_64-linux-gnu/8
Selected GCC installation: /usr/lib/gcc/x86_64-linux-gnu/7.5.0
Candidate multilib: .;@m64
Selected multilib: .;@m64
Found CUDA installation: /usr/local/cuda-11.3, version 11.3
 "/usr/bin/x86_64-linux-gnu-ld" -z relro --hash-style=gnu --eh-frame-hdr -m elf_x86_64 -dynamic-linker /lib64/ld-linux-x86-64.so.2 -o cmTC_77a7a /usr/lib/x86_64-linux-gnu/crt1.o /usr/lib/x86_64-linux-gnu/crti.o /usr/lib/gcc/x86_64-linux-gnu/7.5.0/crtbegin.o -L/usr/lib/gcc/x86_64-linux-gnu/7.5.0 -L/usr/lib/gcc/x86_64-linux-gnu/7.5.0/../../../../lib64 -L/lib/x86_64-linux-gnu -L/lib/../lib64 -L/usr/lib/x86_64-linux-gnu -L/usr/lib/../lib64 -L/scratch/pelago/builds/llvm-14/opt/bin/../lib -L/lib -L/usr/lib CMakeFiles/cmTC_77a7a.dir/CMakeCCompilerABI.c.o -lgcc --as-needed -lgcc_s --no-as-needed -lc -lgcc --as-needed -lgcc_s --no-as-needed /usr/lib/gcc/x86_64-linux-gnu/7.5.0/crtend.o /usr/lib/x86_64-linux-gnu/crtn.o
make[1]: Leaving directory '/tmp/tmp.Y6NElX1M2E/cmake-build-debug-dias33/CMakeFiles/CMakeTmp'



Parsed C implicit include dir info from above output: rv=done
  found start of include info
  found start of implicit include info
    add: [/scratch/pelago/builds/llvm-14/opt/lib/clang/14.0.0/include]
    add: [/usr/local/include]
    add: [/usr/include/x86_64-linux-gnu]
    add: [/usr/include]
  end of search list found
  collapse include dir [/scratch/pelago/builds/llvm-14/opt/lib/clang/14.0.0/include] ==> [/scratch/pelago/builds/llvm-14/opt/lib/clang/14.0.0/include]
  collapse include dir [/usr/local/include] ==> [/usr/local/include]
  collapse include dir [/usr/include/x86_64-linux-gnu] ==> [/usr/include/x86_64-linux-gnu]
  collapse include dir [/usr/include] ==> [/usr/include]
  implicit include dirs: [/scratch/pelago/builds/llvm-14/opt/lib/clang/14.0.0/include;/usr/local/include;/usr/include/x86_64-linux-gnu;/usr/include]


Parsed C implicit link information from above output:
  link line regex: [^( *|.*[/\])(ld|CMAKE_LINK_STARTFILE-NOTFOUND|([^/\]+-)?ld|collect2)[^/\]*( |$)]
  ignore line: [Change Dir: /tmp/tmp.Y6NElX1M2E/cmake-build-debug-dias33/CMakeFiles/CMakeTmp]
  ignore line: []
  ignore line: [Run Build Command(s):/usr/bin/make -f Makefile cmTC_77a7a/fast && /usr/bin/make  -f CMakeFiles/cmTC_77a7a.dir/build.make CMakeFiles/cmTC_77a7a.dir/build]
  ignore line: [make[1]: Entering directory '/tmp/tmp.Y6NElX1M2E/cmake-build-debug-dias33/CMakeFiles/CMakeTmp']
  ignore line: [Building C object CMakeFiles/cmTC_77a7a.dir/CMakeCCompilerABI.c.o]
  ignore line: [/scratch/pelago/llvm-14/opt/bin/clang   -v -MD -MT CMakeFiles/cmTC_77a7a.dir/CMakeCCompilerABI.c.o -MF CMakeFiles/cmTC_77a7a.dir/CMakeCCompilerABI.c.o.d -o CMakeFiles/cmTC_77a7a.dir/CMakeCCompilerABI.c.o -c /scratch/pelago/builds/llvm-14/opt/share/cmake-3.23/Modules/CMakeCCompilerABI.c]
  ignore line: [clang version 14.0.0 (https://github.com/llvm/llvm-project 329fda39c507e8740978d10458451dcdb21563be)]
  ignore line: [Target: x86_64-unknown-linux-gnu]
  ignore line: [Thread model: posix]
  ignore line: [InstalledDir: /scratch/pelago/llvm-14/opt/bin]
  ignore line: [Found candidate GCC installation: /usr/lib/gcc/i686-linux-gnu/8]
  ignore line: [Found candidate GCC installation: /usr/lib/gcc/x86_64-linux-gnu/6]
  ignore line: [Found candidate GCC installation: /usr/lib/gcc/x86_64-linux-gnu/6.5.0]
  ignore line: [Found candidate GCC installation: /usr/lib/gcc/x86_64-linux-gnu/7]
  ignore line: [Found candidate GCC installation: /usr/lib/gcc/x86_64-linux-gnu/7.5.0]
  ignore line: [Found candidate GCC installation: /usr/lib/gcc/x86_64-linux-gnu/8]
  ignore line: [Selected GCC installation: /usr/lib/gcc/x86_64-linux-gnu/7.5.0]
  ignore line: [Candidate multilib: .]
  ignore line: [@m64]
  ignore line: [Selected multilib: .]
  ignore line: [@m64]
  ignore line: [Found CUDA installation: /usr/local/cuda-11.3  version 11.3]
  ignore line: [ (in-process)]
  ignore line: [ "/scratch/pelago/builds/llvm-14/opt/bin/clang-14" -cc1 -triple x86_64-unknown-linux-gnu -emit-obj -mrelax-all --mrelax-relocations -disable-free -clear-ast-before-backend -main-file-name CMakeCCompilerABI.c -mrelocation-model static -mframe-pointer=all -fmath-errno -ffp-contract=on -fno-rounding-math -mconstructor-aliases -funwind-tables=2 -target-cpu x86-64 -tune-cpu generic -mllvm -treat-scalable-fixed-error-as-warning -debugger-tuning=gdb -v -fcoverage-compilation-dir=/tmp/tmp.Y6NElX1M2E/cmake-build-debug-dias33/CMakeFiles/CMakeTmp -resource-dir /scratch/pelago/builds/llvm-14/opt/lib/clang/14.0.0 -dependency-file CMakeFiles/cmTC_77a7a.dir/CMakeCCompilerABI.c.o.d -MT CMakeFiles/cmTC_77a7a.dir/CMakeCCompilerABI.c.o -sys-header-deps -internal-isystem /scratch/pelago/builds/llvm-14/opt/lib/clang/14.0.0/include -internal-isystem /usr/local/include -internal-isystem /usr/lib/gcc/x86_64-linux-gnu/7.5.0/../../../../x86_64-linux-gnu/include -internal-externc-isystem /usr/include/x86_64-linux-gnu -internal-externc-isystem /usr/include -fdebug-compilation-dir=/tmp/tmp.Y6NElX1M2E/cmake-build-debug-dias33/CMakeFiles/CMakeTmp -ferror-limit 19 -fgnuc-version=4.2.1 -faddrsig -D__GCC_HAVE_DWARF2_CFI_ASM=1 -o CMakeFiles/cmTC_77a7a.dir/CMakeCCompilerABI.c.o -x c /scratch/pelago/builds/llvm-14/opt/share/cmake-3.23/Modules/CMakeCCompilerABI.c]
  ignore line: [clang -cc1 version 14.0.0 based upon LLVM 14.0.0 default target x86_64-linux-gnu]
  ignore line: [ignoring nonexistent directory "/usr/lib/gcc/x86_64-linux-gnu/7.5.0/../../../../x86_64-linux-gnu/include"]
  ignore line: [#include "..." search starts here:]
  ignore line: [#include <...> search starts here:]
  ignore line: [ /scratch/pelago/builds/llvm-14/opt/lib/clang/14.0.0/include]
  ignore line: [ /usr/local/include]
  ignore line: [ /usr/include/x86_64-linux-gnu]
  ignore line: [ /usr/include]
  ignore line: [End of search list.]
  ignore line: [Linking C executable cmTC_77a7a]
  ignore line: [/scratch/pelago/builds/llvm-14/opt/bin/cmake -E cmake_link_script CMakeFiles/cmTC_77a7a.dir/link.txt --verbose=1]
  ignore line: [/scratch/pelago/llvm-14/opt/bin/clang  -stdlib=libc++ -v CMakeFiles/cmTC_77a7a.dir/CMakeCCompilerABI.c.o -o cmTC_77a7a ]
  ignore line: [clang version 14.0.0 (https://github.com/llvm/llvm-project 329fda39c507e8740978d10458451dcdb21563be)]
  ignore line: [Target: x86_64-unknown-linux-gnu]
  ignore line: [Thread model: posix]
  ignore line: [InstalledDir: /scratch/pelago/llvm-14/opt/bin]
  ignore line: [Found candidate GCC installation: /usr/lib/gcc/i686-linux-gnu/8]
  ignore line: [Found candidate GCC installation: /usr/lib/gcc/x86_64-linux-gnu/6]
  ignore line: [Found candidate GCC installation: /usr/lib/gcc/x86_64-linux-gnu/6.5.0]
  ignore line: [Found candidate GCC installation: /usr/lib/gcc/x86_64-linux-gnu/7]
  ignore line: [Found candidate GCC installation: /usr/lib/gcc/x86_64-linux-gnu/7.5.0]
  ignore line: [Found candidate GCC installation: /usr/lib/gcc/x86_64-linux-gnu/8]
  ignore line: [Selected GCC installation: /usr/lib/gcc/x86_64-linux-gnu/7.5.0]
  ignore line: [Candidate multilib: .]
  ignore line: [@m64]
  ignore line: [Selected multilib: .]
  ignore line: [@m64]
  ignore line: [Found CUDA installation: /usr/local/cuda-11.3  version 11.3]
  link line: [ "/usr/bin/x86_64-linux-gnu-ld" -z relro --hash-style=gnu --eh-frame-hdr -m elf_x86_64 -dynamic-linker /lib64/ld-linux-x86-64.so.2 -o cmTC_77a7a /usr/lib/x86_64-linux-gnu/crt1.o /usr/lib/x86_64-linux-gnu/crti.o /usr/lib/gcc/x86_64-linux-gnu/7.5.0/crtbegin.o -L/usr/lib/gcc/x86_64-linux-gnu/7.5.0 -L/usr/lib/gcc/x86_64-linux-gnu/7.5.0/../../../../lib64 -L/lib/x86_64-linux-gnu -L/lib/../lib64 -L/usr/lib/x86_64-linux-gnu -L/usr/lib/../lib64 -L/scratch/pelago/builds/llvm-14/opt/bin/../lib -L/lib -L/usr/lib CMakeFiles/cmTC_77a7a.dir/CMakeCCompilerABI.c.o -lgcc --as-needed -lgcc_s --no-as-needed -lc -lgcc --as-needed -lgcc_s --no-as-needed /usr/lib/gcc/x86_64-linux-gnu/7.5.0/crtend.o /usr/lib/x86_64-linux-gnu/crtn.o]
    arg [/usr/bin/x86_64-linux-gnu-ld] ==> ignore
    arg [-zrelro] ==> ignore
    arg [--hash-style=gnu] ==> ignore
    arg [--eh-frame-hdr] ==> ignore
    arg [-m] ==> ignore
    arg [elf_x86_64] ==> ignore
    arg [-dynamic-linker] ==> ignore
    arg [/lib64/ld-linux-x86-64.so.2] ==> ignore
    arg [-o] ==> ignore
    arg [cmTC_77a7a] ==> ignore
    arg [/usr/lib/x86_64-linux-gnu/crt1.o] ==> obj [/usr/lib/x86_64-linux-gnu/crt1.o]
    arg [/usr/lib/x86_64-linux-gnu/crti.o] ==> obj [/usr/lib/x86_64-linux-gnu/crti.o]
    arg [/usr/lib/gcc/x86_64-linux-gnu/7.5.0/crtbegin.o] ==> obj [/usr/lib/gcc/x86_64-linux-gnu/7.5.0/crtbegin.o]
    arg [-L/usr/lib/gcc/x86_64-linux-gnu/7.5.0] ==> dir [/usr/lib/gcc/x86_64-linux-gnu/7.5.0]
    arg [-L/usr/lib/gcc/x86_64-linux-gnu/7.5.0/../../../../lib64] ==> dir [/usr/lib/gcc/x86_64-linux-gnu/7.5.0/../../../../lib64]
    arg [-L/lib/x86_64-linux-gnu] ==> dir [/lib/x86_64-linux-gnu]
    arg [-L/lib/../lib64] ==> dir [/lib/../lib64]
    arg [-L/usr/lib/x86_64-linux-gnu] ==> dir [/usr/lib/x86_64-linux-gnu]
    arg [-L/usr/lib/../lib64] ==> dir [/usr/lib/../lib64]
    arg [-L/scratch/pelago/builds/llvm-14/opt/bin/../lib] ==> dir [/scratch/pelago/builds/llvm-14/opt/bin/../lib]
    arg [-L/lib] ==> dir [/lib]
    arg [-L/usr/lib] ==> dir [/usr/lib]
    arg [CMakeFiles/cmTC_77a7a.dir/CMakeCCompilerABI.c.o] ==> ignore
    arg [-lgcc] ==> lib [gcc]
    arg [--as-needed] ==> ignore
    arg [-lgcc_s] ==> lib [gcc_s]
    arg [--no-as-needed] ==> ignore
    arg [-lc] ==> lib [c]
    arg [-lgcc] ==> lib [gcc]
    arg [--as-needed] ==> ignore
    arg [-lgcc_s] ==> lib [gcc_s]
    arg [--no-as-needed] ==> ignore
    arg [/usr/lib/gcc/x86_64-linux-gnu/7.5.0/crtend.o] ==> obj [/usr/lib/gcc/x86_64-linux-gnu/7.5.0/crtend.o]
    arg [/usr/lib/x86_64-linux-gnu/crtn.o] ==> obj [/usr/lib/x86_64-linux-gnu/crtn.o]
  collapse library dir [/usr/lib/gcc/x86_64-linux-gnu/7.5.0] ==> [/usr/lib/gcc/x86_64-linux-gnu/7.5.0]
  collapse library dir [/usr/lib/gcc/x86_64-linux-gnu/7.5.0/../../../../lib64] ==> [/usr/lib64]
  collapse library dir [/lib/x86_64-linux-gnu] ==> [/lib/x86_64-linux-gnu]
  collapse library dir [/lib/../lib64] ==> [/lib64]
  collapse library dir [/usr/lib/x86_64-linux-gnu] ==> [/usr/lib/x86_64-linux-gnu]
  collapse library dir [/usr/lib/../lib64] ==> [/usr/lib64]
  collapse library dir [/scratch/pelago/builds/llvm-14/opt/bin/../lib] ==> [/scratch/pelago/builds/llvm-14/opt/lib]
  collapse library dir [/lib] ==> [/lib]
  collapse library dir [/usr/lib] ==> [/usr/lib]
  implicit libs: [gcc;gcc_s;c;gcc;gcc_s]
  implicit objs: [/usr/lib/x86_64-linux-gnu/crt1.o;/usr/lib/x86_64-linux-gnu/crti.o;/usr/lib/gcc/x86_64-linux-gnu/7.5.0/crtbegin.o;/usr/lib/gcc/x86_64-linux-gnu/7.5.0/crtend.o;/usr/lib/x86_64-linux-gnu/crtn.o]
  implicit dirs: [/usr/lib/gcc/x86_64-linux-gnu/7.5.0;/usr/lib64;/lib/x86_64-linux-gnu;/lib64;/usr/lib/x86_64-linux-gnu;/scratch/pelago/builds/llvm-14/opt/lib;/lib;/usr/lib]
  implicit fwks: []


Detecting CXX compiler ABI info compiled with the following output:
Change Dir: /tmp/tmp.Y6NElX1M2E/cmake-build-debug-dias33/CMakeFiles/CMakeTmp

Run Build Command(s):/usr/bin/make -f Makefile cmTC_e7628/fast && /usr/bin/make  -f CMakeFiles/cmTC_e7628.dir/build.make CMakeFiles/cmTC_e7628.dir/build
make[1]: Entering directory '/tmp/tmp.Y6NElX1M2E/cmake-build-debug-dias33/CMakeFiles/CMakeTmp'
Building CXX object CMakeFiles/cmTC_e7628.dir/CMakeCXXCompilerABI.cpp.o
/scratch/pelago/llvm-14/opt/bin/clang++   -stdlib=libc++    -v -MD -MT CMakeFiles/cmTC_e7628.dir/CMakeCXXCompilerABI.cpp.o -MF CMakeFiles/cmTC_e7628.dir/CMakeCXXCompilerABI.cpp.o.d -o CMakeFiles/cmTC_e7628.dir/CMakeCXXCompilerABI.cpp.o -c /scratch/pelago/builds/llvm-14/opt/share/cmake-3.23/Modules/CMakeCXXCompilerABI.cpp
clang version 14.0.0 (https://github.com/llvm/llvm-project 329fda39c507e8740978d10458451dcdb21563be)
Target: x86_64-unknown-linux-gnu
Thread model: posix
InstalledDir: /scratch/pelago/llvm-14/opt/bin
Found candidate GCC installation: /usr/lib/gcc/i686-linux-gnu/8
Found candidate GCC installation: /usr/lib/gcc/x86_64-linux-gnu/6
Found candidate GCC installation: /usr/lib/gcc/x86_64-linux-gnu/6.5.0
Found candidate GCC installation: /usr/lib/gcc/x86_64-linux-gnu/7
Found candidate GCC installation: /usr/lib/gcc/x86_64-linux-gnu/7.5.0
Found candidate GCC installation: /usr/lib/gcc/x86_64-linux-gnu/8
Selected GCC installation: /usr/lib/gcc/x86_64-linux-gnu/7.5.0
Candidate multilib: .;@m64
Selected multilib: .;@m64
Found CUDA installation: /usr/local/cuda-11.3, version 11.3
 (in-process)
 "/scratch/pelago/builds/llvm-14/opt/bin/clang-14" -cc1 -triple x86_64-unknown-linux-gnu -emit-obj -mrelax-all --mrelax-relocations -disable-free -clear-ast-before-backend -main-file-name CMakeCXXCompilerABI.cpp -mrelocation-model static -mframe-pointer=all -fmath-errno -ffp-contract=on -fno-rounding-math -mconstructor-aliases -funwind-tables=2 -target-cpu x86-64 -tune-cpu generic -mllvm -treat-scalable-fixed-error-as-warning -debugger-tuning=gdb -v -fcoverage-compilation-dir=/tmp/tmp.Y6NElX1M2E/cmake-build-debug-dias33/CMakeFiles/CMakeTmp -resource-dir /scratch/pelago/builds/llvm-14/opt/lib/clang/14.0.0 -dependency-file CMakeFiles/cmTC_e7628.dir/CMakeCXXCompilerABI.cpp.o.d -MT CMakeFiles/cmTC_e7628.dir/CMakeCXXCompilerABI.cpp.o -sys-header-deps -internal-isystem /scratch/pelago/builds/llvm-14/opt/bin/../include/c++/v1 -internal-isystem /scratch/pelago/builds/llvm-14/opt/lib/clang/14.0.0/include -internal-isystem /usr/local/include -internal-isystem /usr/lib/gcc/x86_64-linux-gnu/7.5.0/../../../../x86_64-linux-gnu/include -internal-externc-isystem /usr/include/x86_64-linux-gnu -internal-externc-isystem /usr/include -fdeprecated-macro -fdebug-compilation-dir=/tmp/tmp.Y6NElX1M2E/cmake-build-debug-dias33/CMakeFiles/CMakeTmp -ferror-limit 19 -fgnuc-version=4.2.1 -fcxx-exceptions -fexceptions -faddrsig -D__GCC_HAVE_DWARF2_CFI_ASM=1 -o CMakeFiles/cmTC_e7628.dir/CMakeCXXCompilerABI.cpp.o -x c++ /scratch/pelago/builds/llvm-14/opt/share/cmake-3.23/Modules/CMakeCXXCompilerABI.cpp
clang -cc1 version 14.0.0 based upon LLVM 14.0.0 default target x86_64-linux-gnu
ignoring nonexistent directory "/usr/lib/gcc/x86_64-linux-gnu/7.5.0/../../../../x86_64-linux-gnu/include"
#include "..." search starts here:
#include <...> search starts here:
 /scratch/pelago/builds/llvm-14/opt/bin/../include/c++/v1
 /scratch/pelago/builds/llvm-14/opt/lib/clang/14.0.0/include
 /usr/local/include
 /usr/include/x86_64-linux-gnu
 /usr/include
End of search list.
Linking CXX executable cmTC_e7628
/scratch/pelago/builds/llvm-14/opt/bin/cmake -E cmake_link_script CMakeFiles/cmTC_e7628.dir/link.txt --verbose=1
/scratch/pelago/llvm-14/opt/bin/clang++  -stdlib=libc++   -stdlib=libc++ -v CMakeFiles/cmTC_e7628.dir/CMakeCXXCompilerABI.cpp.o -o cmTC_e7628 
clang version 14.0.0 (https://github.com/llvm/llvm-project 329fda39c507e8740978d10458451dcdb21563be)
Target: x86_64-unknown-linux-gnu
Thread model: posix
InstalledDir: /scratch/pelago/llvm-14/opt/bin
Found candidate GCC installation: /usr/lib/gcc/i686-linux-gnu/8
Found candidate GCC installation: /usr/lib/gcc/x86_64-linux-gnu/6
Found candidate GCC installation: /usr/lib/gcc/x86_64-linux-gnu/6.5.0
Found candidate GCC installation: /usr/lib/gcc/x86_64-linux-gnu/7
Found candidate GCC installation: /usr/lib/gcc/x86_64-linux-gnu/7.5.0
Found candidate GCC installation: /usr/lib/gcc/x86_64-linux-gnu/8
Selected GCC installation: /usr/lib/gcc/x86_64-linux-gnu/7.5.0
Candidate multilib: .;@m64
Selected multilib: .;@m64
Found CUDA installation: /usr/local/cuda-11.3, version 11.3
 "/usr/bin/x86_64-linux-gnu-ld" -z relro --hash-style=gnu --eh-frame-hdr -m elf_x86_64 -dynamic-linker /lib64/ld-linux-x86-64.so.2 -o cmTC_e7628 /usr/lib/x86_64-linux-gnu/crt1.o /usr/lib/x86_64-linux-gnu/crti.o /usr/lib/gcc/x86_64-linux-gnu/7.5.0/crtbegin.o -L/usr/lib/gcc/x86_64-linux-gnu/7.5.0 -L/usr/lib/gcc/x86_64-linux-gnu/7.5.0/../../../../lib64 -L/lib/x86_64-linux-gnu -L/lib/../lib64 -L/usr/lib/x86_64-linux-gnu -L/usr/lib/../lib64 -L/scratch/pelago/builds/llvm-14/opt/bin/../lib -L/lib -L/usr/lib CMakeFiles/cmTC_e7628.dir/CMakeCXXCompilerABI.cpp.o -lc++ -lm -lgcc_s -lgcc -lc -lgcc_s -lgcc /usr/lib/gcc/x86_64-linux-gnu/7.5.0/crtend.o /usr/lib/x86_64-linux-gnu/crtn.o
make[1]: Leaving directory '/tmp/tmp.Y6NElX1M2E/cmake-build-debug-dias33/CMakeFiles/CMakeTmp'



Parsed CXX implicit include dir info from above output: rv=done
  found start of include info
  found start of implicit include info
    add: [/scratch/pelago/builds/llvm-14/opt/bin/../include/c++/v1]
    add: [/scratch/pelago/builds/llvm-14/opt/lib/clang/14.0.0/include]
    add: [/usr/local/include]
    add: [/usr/include/x86_64-linux-gnu]
    add: [/usr/include]
  end of search list found
  collapse include dir [/scratch/pelago/builds/llvm-14/opt/bin/../include/c++/v1] ==> [/scratch/pelago/builds/llvm-14/opt/include/c++/v1]
  collapse include dir [/scratch/pelago/builds/llvm-14/opt/lib/clang/14.0.0/include] ==> [/scratch/pelago/builds/llvm-14/opt/lib/clang/14.0.0/include]
  collapse include dir [/usr/local/include] ==> [/usr/local/include]
  collapse include dir [/usr/include/x86_64-linux-gnu] ==> [/usr/include/x86_64-linux-gnu]
  collapse include dir [/usr/include] ==> [/usr/include]
  implicit include dirs: [/scratch/pelago/builds/llvm-14/opt/include/c++/v1;/scratch/pelago/builds/llvm-14/opt/lib/clang/14.0.0/include;/usr/local/include;/usr/include/x86_64-linux-gnu;/usr/include]


Parsed CXX implicit link information from above output:
  link line regex: [^( *|.*[/\])(ld|CMAKE_LINK_STARTFILE-NOTFOUND|([^/\]+-)?ld|collect2)[^/\]*( |$)]
  ignore line: [Change Dir: /tmp/tmp.Y6NElX1M2E/cmake-build-debug-dias33/CMakeFiles/CMakeTmp]
  ignore line: []
  ignore line: [Run Build Command(s):/usr/bin/make -f Makefile cmTC_e7628/fast && /usr/bin/make  -f CMakeFiles/cmTC_e7628.dir/build.make CMakeFiles/cmTC_e7628.dir/build]
  ignore line: [make[1]: Entering directory '/tmp/tmp.Y6NElX1M2E/cmake-build-debug-dias33/CMakeFiles/CMakeTmp']
  ignore line: [Building CXX object CMakeFiles/cmTC_e7628.dir/CMakeCXXCompilerABI.cpp.o]
  ignore line: [/scratch/pelago/llvm-14/opt/bin/clang++   -stdlib=libc++    -v -MD -MT CMakeFiles/cmTC_e7628.dir/CMakeCXXCompilerABI.cpp.o -MF CMakeFiles/cmTC_e7628.dir/CMakeCXXCompilerABI.cpp.o.d -o CMakeFiles/cmTC_e7628.dir/CMakeCXXCompilerABI.cpp.o -c /scratch/pelago/builds/llvm-14/opt/share/cmake-3.23/Modules/CMakeCXXCompilerABI.cpp]
  ignore line: [clang version 14.0.0 (https://github.com/llvm/llvm-project 329fda39c507e8740978d10458451dcdb21563be)]
  ignore line: [Target: x86_64-unknown-linux-gnu]
  ignore line: [Thread model: posix]
  ignore line: [InstalledDir: /scratch/pelago/llvm-14/opt/bin]
  ignore line: [Found candidate GCC installation: /usr/lib/gcc/i686-linux-gnu/8]
  ignore line: [Found candidate GCC installation: /usr/lib/gcc/x86_64-linux-gnu/6]
  ignore line: [Found candidate GCC installation: /usr/lib/gcc/x86_64-linux-gnu/6.5.0]
  ignore line: [Found candidate GCC installation: /usr/lib/gcc/x86_64-linux-gnu/7]
  ignore line: [Found candidate GCC installation: /usr/lib/gcc/x86_64-linux-gnu/7.5.0]
  ignore line: [Found candidate GCC installation: /usr/lib/gcc/x86_64-linux-gnu/8]
  ignore line: [Selected GCC installation: /usr/lib/gcc/x86_64-linux-gnu/7.5.0]
  ignore line: [Candidate multilib: .]
  ignore line: [@m64]
  ignore line: [Selected multilib: .]
  ignore line: [@m64]
  ignore line: [Found CUDA installation: /usr/local/cuda-11.3  version 11.3]
  ignore line: [ (in-process)]
  ignore line: [ "/scratch/pelago/builds/llvm-14/opt/bin/clang-14" -cc1 -triple x86_64-unknown-linux-gnu -emit-obj -mrelax-all --mrelax-relocations -disable-free -clear-ast-before-backend -main-file-name CMakeCXXCompilerABI.cpp -mrelocation-model static -mframe-pointer=all -fmath-errno -ffp-contract=on -fno-rounding-math -mconstructor-aliases -funwind-tables=2 -target-cpu x86-64 -tune-cpu generic -mllvm -treat-scalable-fixed-error-as-warning -debugger-tuning=gdb -v -fcoverage-compilation-dir=/tmp/tmp.Y6NElX1M2E/cmake-build-debug-dias33/CMakeFiles/CMakeTmp -resource-dir /scratch/pelago/builds/llvm-14/opt/lib/clang/14.0.0 -dependency-file CMakeFiles/cmTC_e7628.dir/CMakeCXXCompilerABI.cpp.o.d -MT CMakeFiles/cmTC_e7628.dir/CMakeCXXCompilerABI.cpp.o -sys-header-deps -internal-isystem /scratch/pelago/builds/llvm-14/opt/bin/../include/c++/v1 -internal-isystem /scratch/pelago/builds/llvm-14/opt/lib/clang/14.0.0/include -internal-isystem /usr/local/include -internal-isystem /usr/lib/gcc/x86_64-linux-gnu/7.5.0/../../../../x86_64-linux-gnu/include -internal-externc-isystem /usr/include/x86_64-linux-gnu -internal-externc-isystem /usr/include -fdeprecated-macro -fdebug-compilation-dir=/tmp/tmp.Y6NElX1M2E/cmake-build-debug-dias33/CMakeFiles/CMakeTmp -ferror-limit 19 -fgnuc-version=4.2.1 -fcxx-exceptions -fexceptions -faddrsig -D__GCC_HAVE_DWARF2_CFI_ASM=1 -o CMakeFiles/cmTC_e7628.dir/CMakeCXXCompilerABI.cpp.o -x c++ /scratch/pelago/builds/llvm-14/opt/share/cmake-3.23/Modules/CMakeCXXCompilerABI.cpp]
  ignore line: [clang -cc1 version 14.0.0 based upon LLVM 14.0.0 default target x86_64-linux-gnu]
  ignore line: [ignoring nonexistent directory "/usr/lib/gcc/x86_64-linux-gnu/7.5.0/../../../../x86_64-linux-gnu/include"]
  ignore line: [#include "..." search starts here:]
  ignore line: [#include <...> search starts here:]
  ignore line: [ /scratch/pelago/builds/llvm-14/opt/bin/../include/c++/v1]
  ignore line: [ /scratch/pelago/builds/llvm-14/opt/lib/clang/14.0.0/include]
  ignore line: [ /usr/local/include]
  ignore line: [ /usr/include/x86_64-linux-gnu]
  ignore line: [ /usr/include]
  ignore line: [End of search list.]
  ignore line: [Linking CXX executable cmTC_e7628]
  ignore line: [/scratch/pelago/builds/llvm-14/opt/bin/cmake -E cmake_link_script CMakeFiles/cmTC_e7628.dir/link.txt --verbose=1]
  ignore line: [/scratch/pelago/llvm-14/opt/bin/clang++  -stdlib=libc++   -stdlib=libc++ -v CMakeFiles/cmTC_e7628.dir/CMakeCXXCompilerABI.cpp.o -o cmTC_e7628 ]
  ignore line: [clang version 14.0.0 (https://github.com/llvm/llvm-project 329fda39c507e8740978d10458451dcdb21563be)]
  ignore line: [Target: x86_64-unknown-linux-gnu]
  ignore line: [Thread model: posix]
  ignore line: [InstalledDir: /scratch/pelago/llvm-14/opt/bin]
  ignore line: [Found candidate GCC installation: /usr/lib/gcc/i686-linux-gnu/8]
  ignore line: [Found candidate GCC installation: /usr/lib/gcc/x86_64-linux-gnu/6]
  ignore line: [Found candidate GCC installation: /usr/lib/gcc/x86_64-linux-gnu/6.5.0]
  ignore line: [Found candidate GCC installation: /usr/lib/gcc/x86_64-linux-gnu/7]
  ignore line: [Found candidate GCC installation: /usr/lib/gcc/x86_64-linux-gnu/7.5.0]
  ignore line: [Found candidate GCC installation: /usr/lib/gcc/x86_64-linux-gnu/8]
  ignore line: [Selected GCC installation: /usr/lib/gcc/x86_64-linux-gnu/7.5.0]
  ignore line: [Candidate multilib: .]
  ignore line: [@m64]
  ignore line: [Selected multilib: .]
  ignore line: [@m64]
  ignore line: [Found CUDA installation: /usr/local/cuda-11.3  version 11.3]
  link line: [ "/usr/bin/x86_64-linux-gnu-ld" -z relro --hash-style=gnu --eh-frame-hdr -m elf_x86_64 -dynamic-linker /lib64/ld-linux-x86-64.so.2 -o cmTC_e7628 /usr/lib/x86_64-linux-gnu/crt1.o /usr/lib/x86_64-linux-gnu/crti.o /usr/lib/gcc/x86_64-linux-gnu/7.5.0/crtbegin.o -L/usr/lib/gcc/x86_64-linux-gnu/7.5.0 -L/usr/lib/gcc/x86_64-linux-gnu/7.5.0/../../../../lib64 -L/lib/x86_64-linux-gnu -L/lib/../lib64 -L/usr/lib/x86_64-linux-gnu -L/usr/lib/../lib64 -L/scratch/pelago/builds/llvm-14/opt/bin/../lib -L/lib -L/usr/lib CMakeFiles/cmTC_e7628.dir/CMakeCXXCompilerABI.cpp.o -lc++ -lm -lgcc_s -lgcc -lc -lgcc_s -lgcc /usr/lib/gcc/x86_64-linux-gnu/7.5.0/crtend.o /usr/lib/x86_64-linux-gnu/crtn.o]
    arg [/usr/bin/x86_64-linux-gnu-ld] ==> ignore
    arg [-zrelro] ==> ignore
    arg [--hash-style=gnu] ==> ignore
    arg [--eh-frame-hdr] ==> ignore
    arg [-m] ==> ignore
    arg [elf_x86_64] ==> ignore
    arg [-dynamic-linker] ==> ignore
    arg [/lib64/ld-linux-x86-64.so.2] ==> ignore
    arg [-o] ==> ignore
    arg [cmTC_e7628] ==> ignore
    arg [/usr/lib/x86_64-linux-gnu/crt1.o] ==> obj [/usr/lib/x86_64-linux-gnu/crt1.o]
    arg [/usr/lib/x86_64-linux-gnu/crti.o] ==> obj [/usr/lib/x86_64-linux-gnu/crti.o]
    arg [/usr/lib/gcc/x86_64-linux-gnu/7.5.0/crtbegin.o] ==> obj [/usr/lib/gcc/x86_64-linux-gnu/7.5.0/crtbegin.o]
    arg [-L/usr/lib/gcc/x86_64-linux-gnu/7.5.0] ==> dir [/usr/lib/gcc/x86_64-linux-gnu/7.5.0]
    arg [-L/usr/lib/gcc/x86_64-linux-gnu/7.5.0/../../../../lib64] ==> dir [/usr/lib/gcc/x86_64-linux-gnu/7.5.0/../../../../lib64]
    arg [-L/lib/x86_64-linux-gnu] ==> dir [/lib/x86_64-linux-gnu]
    arg [-L/lib/../lib64] ==> dir [/lib/../lib64]
    arg [-L/usr/lib/x86_64-linux-gnu] ==> dir [/usr/lib/x86_64-linux-gnu]
    arg [-L/usr/lib/../lib64] ==> dir [/usr/lib/../lib64]
    arg [-L/scratch/pelago/builds/llvm-14/opt/bin/../lib] ==> dir [/scratch/pelago/builds/llvm-14/opt/bin/../lib]
    arg [-L/lib] ==> dir [/lib]
    arg [-L/usr/lib] ==> dir [/usr/lib]
    arg [CMakeFiles/cmTC_e7628.dir/CMakeCXXCompilerABI.cpp.o] ==> ignore
    arg [-lc++] ==> lib [c++]
    arg [-lm] ==> lib [m]
    arg [-lgcc_s] ==> lib [gcc_s]
    arg [-lgcc] ==> lib [gcc]
    arg [-lc] ==> lib [c]
    arg [-lgcc_s] ==> lib [gcc_s]
    arg [-lgcc] ==> lib [gcc]
    arg [/usr/lib/gcc/x86_64-linux-gnu/7.5.0/crtend.o] ==> obj [/usr/lib/gcc/x86_64-linux-gnu/7.5.0/crtend.o]
    arg [/usr/lib/x86_64-linux-gnu/crtn.o] ==> obj [/usr/lib/x86_64-linux-gnu/crtn.o]
  collapse library dir [/usr/lib/gcc/x86_64-linux-gnu/7.5.0] ==> [/usr/lib/gcc/x86_64-linux-gnu/7.5.0]
  collapse library dir [/usr/lib/gcc/x86_64-linux-gnu/7.5.0/../../../../lib64] ==> [/usr/lib64]
  collapse library dir [/lib/x86_64-linux-gnu] ==> [/lib/x86_64-linux-gnu]
  collapse library dir [/lib/../lib64] ==> [/lib64]
  collapse library dir [/usr/lib/x86_64-linux-gnu] ==> [/usr/lib/x86_64-linux-gnu]
  collapse library dir [/usr/lib/../lib64] ==> [/usr/lib64]
  collapse library dir [/scratch/pelago/builds/llvm-14/opt/bin/../lib] ==> [/scratch/pelago/builds/llvm-14/opt/lib]
  collapse library dir [/lib] ==> [/lib]
  collapse library dir [/usr/lib] ==> [/usr/lib]
  implicit libs: [c++;m;gcc_s;gcc;c;gcc_s;gcc]
  implicit objs: [/usr/lib/x86_64-linux-gnu/crt1.o;/usr/lib/x86_64-linux-gnu/crti.o;/usr/lib/gcc/x86_64-linux-gnu/7.5.0/crtbegin.o;/usr/lib/gcc/x86_64-linux-gnu/7.5.0/crtend.o;/usr/lib/x86_64-linux-gnu/crtn.o]
  implicit dirs: [/usr/lib/gcc/x86_64-linux-gnu/7.5.0;/usr/lib64;/lib/x86_64-linux-gnu;/lib64;/usr/lib/x86_64-linux-gnu;/scratch/pelago/builds/llvm-14/opt/lib;/lib;/usr/lib]
  implicit fwks: []


Performing C++ SOURCE FILE Test ABSL_INTERNAL_AT_LEAST_CXX17 succeeded with the following output:
Change Dir: /tmp/tmp.Y6NElX1M2E/cmake-build-debug-dias33/CMakeFiles/CMakeTmp

Run Build Command(s):/usr/bin/make -f Makefile cmTC_efea5/fast && /usr/bin/make  -f CMakeFiles/cmTC_efea5.dir/build.make CMakeFiles/cmTC_efea5.dir/build
make[1]: Entering directory '/tmp/tmp.Y6NElX1M2E/cmake-build-debug-dias33/CMakeFiles/CMakeTmp'
Building CXX object CMakeFiles/cmTC_efea5.dir/src.cxx.o
/scratch/pelago/llvm-14/opt/bin/clang++ -DABSL_INTERNAL_AT_LEAST_CXX17  -stdlib=libc++ -ffunction-sections -fdata-sections -march=native -mtune=native -fvisibility-inlines-hidden -O3  -fPIE -std=c++20 -MD -MT CMakeFiles/cmTC_efea5.dir/src.cxx.o -MF CMakeFiles/cmTC_efea5.dir/src.cxx.o.d -o CMakeFiles/cmTC_efea5.dir/src.cxx.o -c /tmp/tmp.Y6NElX1M2E/cmake-build-debug-dias33/CMakeFiles/CMakeTmp/src.cxx
Linking CXX executable cmTC_efea5
/scratch/pelago/builds/llvm-14/opt/bin/cmake -E cmake_link_script CMakeFiles/cmTC_efea5.dir/link.txt --verbose=1
/scratch/pelago/llvm-14/opt/bin/clang++ -stdlib=libc++ -ffunction-sections -fdata-sections -march=native -mtune=native -fvisibility-inlines-hidden -O3   -stdlib=libc++  CMakeFiles/cmTC_efea5.dir/src.cxx.o -o cmTC_efea5 
make[1]: Leaving directory '/tmp/tmp.Y6NElX1M2E/cmake-build-debug-dias33/CMakeFiles/CMakeTmp'


Source file was:
#ifdef _MSC_VER
#  if _MSVC_LANG < 201700L
#    error "The compiler defaults or is configured for C++ < 17"
#  endif
#elif __cplusplus < 201700L
#  error "The compiler defaults or is configured for C++ < 17"
#endif
int main() { return 0; }

Determining if the include file pthread.h exists passed with the following output:
Change Dir: /tmp/tmp.Y6NElX1M2E/cmake-build-debug-dias33/CMakeFiles/CMakeTmp

Run Build Command(s):/usr/bin/make -f Makefile cmTC_8b054/fast && /usr/bin/make  -f CMakeFiles/cmTC_8b054.dir/build.make CMakeFiles/cmTC_8b054.dir/build
make[1]: Entering directory '/tmp/tmp.Y6NElX1M2E/cmake-build-debug-dias33/CMakeFiles/CMakeTmp'
Building C object CMakeFiles/cmTC_8b054.dir/CheckIncludeFile.c.o
/scratch/pelago/llvm-14/opt/bin/clang   -ffunction-sections -fdata-sections -march=native -mtune=native -fvisibility-inlines-hidden -O3  -fPIE -MD -MT CMakeFiles/cmTC_8b054.dir/CheckIncludeFile.c.o -MF CMakeFiles/cmTC_8b054.dir/CheckIncludeFile.c.o.d -o CMakeFiles/cmTC_8b054.dir/CheckIncludeFile.c.o -c /tmp/tmp.Y6NElX1M2E/cmake-build-debug-dias33/CMakeFiles/CMakeTmp/CheckIncludeFile.c
Linking C executable cmTC_8b054
/scratch/pelago/builds/llvm-14/opt/bin/cmake -E cmake_link_script CMakeFiles/cmTC_8b054.dir/link.txt --verbose=1
/scratch/pelago/llvm-14/opt/bin/clang -ffunction-sections -fdata-sections -march=native -mtune=native -fvisibility-inlines-hidden -O3   -stdlib=libc++  CMakeFiles/cmTC_8b054.dir/CheckIncludeFile.c.o -o cmTC_8b054 
make[1]: Leaving directory '/tmp/tmp.Y6NElX1M2E/cmake-build-debug-dias33/CMakeFiles/CMakeTmp'



Determining if the function pthread_create exists in the pthread passed with the following output:
Change Dir: /tmp/tmp.Y6NElX1M2E/cmake-build-debug-dias33/CMakeFiles/CMakeTmp

Run Build Command(s):/usr/bin/make -f Makefile cmTC_3242c/fast && /usr/bin/make  -f CMakeFiles/cmTC_3242c.dir/build.make CMakeFiles/cmTC_3242c.dir/build
make[1]: Entering directory '/tmp/tmp.Y6NElX1M2E/cmake-build-debug-dias33/CMakeFiles/CMakeTmp'
Building C object CMakeFiles/cmTC_3242c.dir/CheckFunctionExists.c.o
/scratch/pelago/llvm-14/opt/bin/clang   -ffunction-sections -fdata-sections -march=native -mtune=native -fvisibility-inlines-hidden -O3 -DCHECK_FUNCTION_EXISTS=pthread_create -fPIE -MD -MT CMakeFiles/cmTC_3242c.dir/CheckFunctionExists.c.o -MF CMakeFiles/cmTC_3242c.dir/CheckFunctionExists.c.o.d -o CMakeFiles/cmTC_3242c.dir/CheckFunctionExists.c.o -c /scratch/pelago/builds/llvm-14/opt/share/cmake-3.23/Modules/CheckFunctionExists.c
Linking C executable cmTC_3242c
/scratch/pelago/builds/llvm-14/opt/bin/cmake -E cmake_link_script CMakeFiles/cmTC_3242c.dir/link.txt --verbose=1
/scratch/pelago/llvm-14/opt/bin/clang -ffunction-sections -fdata-sections -march=native -mtune=native -fvisibility-inlines-hidden -O3 -DCHECK_FUNCTION_EXISTS=pthread_create  -stdlib=libc++  CMakeFiles/cmTC_3242c.dir/CheckFunctionExists.c.o -o cmTC_3242c  -lpthread 
make[1]: Leaving directory '/tmp/tmp.Y6NElX1M2E/cmake-build-debug-dias33/CMakeFiles/CMakeTmp'



Determining if the function shm_open exists in the rt passed with the following output:
Change Dir: /tmp/tmp.Y6NElX1M2E/cmake-build-debug-dias33/CMakeFiles/CMakeTmp

Run Build Command(s):/usr/bin/make -f Makefile cmTC_f3df1/fast && /usr/bin/make  -f CMakeFiles/cmTC_f3df1.dir/build.make CMakeFiles/cmTC_f3df1.dir/build
make[1]: Entering directory '/tmp/tmp.Y6NElX1M2E/cmake-build-debug-dias33/CMakeFiles/CMakeTmp'
Building C object CMakeFiles/cmTC_f3df1.dir/CheckFunctionExists.c.o
/scratch/pelago/llvm-14/opt/bin/clang   -ffunction-sections -fdata-sections -march=native -mtune=native -fvisibility-inlines-hidden -O3 -DCHECK_FUNCTION_EXISTS=shm_open -fPIE -MD -MT CMakeFiles/cmTC_f3df1.dir/CheckFunctionExists.c.o -MF CMakeFiles/cmTC_f3df1.dir/CheckFunctionExists.c.o.d -o CMakeFiles/cmTC_f3df1.dir/CheckFunctionExists.c.o -c /scratch/pelago/builds/llvm-14/opt/share/cmake-3.23/Modules/CheckFunctionExists.c
Linking C executable cmTC_f3df1
/scratch/pelago/builds/llvm-14/opt/bin/cmake -E cmake_link_script CMakeFiles/cmTC_f3df1.dir/link.txt --verbose=1
/scratch/pelago/llvm-14/opt/bin/clang -ffunction-sections -fdata-sections -march=native -mtune=native -fvisibility-inlines-hidden -O3 -DCHECK_FUNCTION_EXISTS=shm_open  -stdlib=libc++  CMakeFiles/cmTC_f3df1.dir/CheckFunctionExists.c.o -o cmTC_f3df1  -lrt 
make[1]: Leaving directory '/tmp/tmp.Y6NElX1M2E/cmake-build-debug-dias33/CMakeFiles/CMakeTmp'



Performing C++ SOURCE FILE Test HAVE_CXX_FLAG_WALL succeeded with the following output:
Change Dir: /tmp/tmp.Y6NElX1M2E/cmake-build-debug-dias33/CMakeFiles/CMakeTmp

Run Build Command(s):/usr/bin/make -f Makefile cmTC_7f725/fast && /usr/bin/make  -f CMakeFiles/cmTC_7f725.dir/build.make CMakeFiles/cmTC_7f725.dir/build
make[1]: Entering directory '/tmp/tmp.Y6NElX1M2E/cmake-build-debug-dias33/CMakeFiles/CMakeTmp'
Building CXX object CMakeFiles/cmTC_7f725.dir/src.cxx.o
/scratch/pelago/llvm-14/opt/bin/clang++ -DHAVE_CXX_FLAG_WALL  -stdlib=libc++ -ffunction-sections -fdata-sections -march=native -mtune=native -fvisibility-inlines-hidden -O3  -Wall -fPIE   -Wall -std=c++11 -MD -MT CMakeFiles/cmTC_7f725.dir/src.cxx.o -MF CMakeFiles/cmTC_7f725.dir/src.cxx.o.d -o CMakeFiles/cmTC_7f725.dir/src.cxx.o -c /tmp/tmp.Y6NElX1M2E/cmake-build-debug-dias33/CMakeFiles/CMakeTmp/src.cxx
Linking CXX executable cmTC_7f725
/scratch/pelago/builds/llvm-14/opt/bin/cmake -E cmake_link_script CMakeFiles/cmTC_7f725.dir/link.txt --verbose=1
/scratch/pelago/llvm-14/opt/bin/clang++ -stdlib=libc++ -ffunction-sections -fdata-sections -march=native -mtune=native -fvisibility-inlines-hidden -O3  -Wall  -stdlib=libc++  CMakeFiles/cmTC_7f725.dir/src.cxx.o -o cmTC_7f725 
make[1]: Leaving directory '/tmp/tmp.Y6NElX1M2E/cmake-build-debug-dias33/CMakeFiles/CMakeTmp'


Source file was:
int main() { return 0; }
Performing C++ SOURCE FILE Test HAVE_CXX_FLAG_WEXTRA succeeded with the following output:
Change Dir: /tmp/tmp.Y6NElX1M2E/cmake-build-debug-dias33/CMakeFiles/CMakeTmp

Run Build Command(s):/usr/bin/make -f Makefile cmTC_551dd/fast && /usr/bin/make  -f CMakeFiles/cmTC_551dd.dir/build.make CMakeFiles/cmTC_551dd.dir/build
make[1]: Entering directory '/tmp/tmp.Y6NElX1M2E/cmake-build-debug-dias33/CMakeFiles/CMakeTmp'
Building CXX object CMakeFiles/cmTC_551dd.dir/src.cxx.o
/scratch/pelago/llvm-14/opt/bin/clang++ -DHAVE_CXX_FLAG_WEXTRA  -stdlib=libc++ -ffunction-sections -fdata-sections -march=native -mtune=native -fvisibility-inlines-hidden -O3  -Wall  -Wextra -fPIE   -Wextra -std=c++11 -MD -MT CMakeFiles/cmTC_551dd.dir/src.cxx.o -MF CMakeFiles/cmTC_551dd.dir/src.cxx.o.d -o CMakeFiles/cmTC_551dd.dir/src.cxx.o -c /tmp/tmp.Y6NElX1M2E/cmake-build-debug-dias33/CMakeFiles/CMakeTmp/src.cxx
Linking CXX executable cmTC_551dd
/scratch/pelago/builds/llvm-14/opt/bin/cmake -E cmake_link_script CMakeFiles/cmTC_551dd.dir/link.txt --verbose=1
/scratch/pelago/llvm-14/opt/bin/clang++ -stdlib=libc++ -ffunction-sections -fdata-sections -march=native -mtune=native -fvisibility-inlines-hidden -O3  -Wall  -Wextra  -stdlib=libc++  CMakeFiles/cmTC_551dd.dir/src.cxx.o -o cmTC_551dd 
make[1]: Leaving directory '/tmp/tmp.Y6NElX1M2E/cmake-build-debug-dias33/CMakeFiles/CMakeTmp'


Source file was:
int main() { return 0; }
Performing C++ SOURCE FILE Test HAVE_CXX_FLAG_WSHADOW succeeded with the following output:
Change Dir: /tmp/tmp.Y6NElX1M2E/cmake-build-debug-dias33/CMakeFiles/CMakeTmp

Run Build Command(s):/usr/bin/make -f Makefile cmTC_fbba3/fast && /usr/bin/make  -f CMakeFiles/cmTC_fbba3.dir/build.make CMakeFiles/cmTC_fbba3.dir/build
make[1]: Entering directory '/tmp/tmp.Y6NElX1M2E/cmake-build-debug-dias33/CMakeFiles/CMakeTmp'
Building CXX object CMakeFiles/cmTC_fbba3.dir/src.cxx.o
/scratch/pelago/llvm-14/opt/bin/clang++ -DHAVE_CXX_FLAG_WSHADOW  -stdlib=libc++ -ffunction-sections -fdata-sections -march=native -mtune=native -fvisibility-inlines-hidden -O3  -Wall  -Wextra  -Wshadow -fPIE   -Wshadow -std=c++11 -MD -MT CMakeFiles/cmTC_fbba3.dir/src.cxx.o -MF CMakeFiles/cmTC_fbba3.dir/src.cxx.o.d -o CMakeFiles/cmTC_fbba3.dir/src.cxx.o -c /tmp/tmp.Y6NElX1M2E/cmake-build-debug-dias33/CMakeFiles/CMakeTmp/src.cxx
Linking CXX executable cmTC_fbba3
/scratch/pelago/builds/llvm-14/opt/bin/cmake -E cmake_link_script CMakeFiles/cmTC_fbba3.dir/link.txt --verbose=1
/scratch/pelago/llvm-14/opt/bin/clang++ -stdlib=libc++ -ffunction-sections -fdata-sections -march=native -mtune=native -fvisibility-inlines-hidden -O3  -Wall  -Wextra  -Wshadow  -stdlib=libc++  CMakeFiles/cmTC_fbba3.dir/src.cxx.o -o cmTC_fbba3 
make[1]: Leaving directory '/tmp/tmp.Y6NElX1M2E/cmake-build-debug-dias33/CMakeFiles/CMakeTmp'


Source file was:
int main() { return 0; }
Performing C++ SOURCE FILE Test HAVE_CXX_FLAG_WFLOAT_EQUAL succeeded with the following output:
Change Dir: /tmp/tmp.Y6NElX1M2E/cmake-build-debug-dias33/CMakeFiles/CMakeTmp

Run Build Command(s):/usr/bin/make -f Makefile cmTC_9c5ad/fast && /usr/bin/make  -f CMakeFiles/cmTC_9c5ad.dir/build.make CMakeFiles/cmTC_9c5ad.dir/build
make[1]: Entering directory '/tmp/tmp.Y6NElX1M2E/cmake-build-debug-dias33/CMakeFiles/CMakeTmp'
Building CXX object CMakeFiles/cmTC_9c5ad.dir/src.cxx.o
/scratch/pelago/llvm-14/opt/bin/clang++ -DHAVE_CXX_FLAG_WFLOAT_EQUAL  -stdlib=libc++ -ffunction-sections -fdata-sections -march=native -mtune=native -fvisibility-inlines-hidden -O3  -Wall  -Wextra  -Wshadow  -Wfloat-equal -fPIE   -Wfloat-equal -std=c++11 -MD -MT CMakeFiles/cmTC_9c5ad.dir/src.cxx.o -MF CMakeFiles/cmTC_9c5ad.dir/src.cxx.o.d -o CMakeFiles/cmTC_9c5ad.dir/src.cxx.o -c /tmp/tmp.Y6NElX1M2E/cmake-build-debug-dias33/CMakeFiles/CMakeTmp/src.cxx
Linking CXX executable cmTC_9c5ad
/scratch/pelago/builds/llvm-14/opt/bin/cmake -E cmake_link_script CMakeFiles/cmTC_9c5ad.dir/link.txt --verbose=1
/scratch/pelago/llvm-14/opt/bin/clang++ -stdlib=libc++ -ffunction-sections -fdata-sections -march=native -mtune=native -fvisibility-inlines-hidden -O3  -Wall  -Wextra  -Wshadow  -Wfloat-equal  -stdlib=libc++  CMakeFiles/cmTC_9c5ad.dir/src.cxx.o -o cmTC_9c5ad 
make[1]: Leaving directory '/tmp/tmp.Y6NElX1M2E/cmake-build-debug-dias33/CMakeFiles/CMakeTmp'


Source file was:
int main() { return 0; }
Performing C++ SOURCE FILE Test HAVE_CXX_FLAG_WERROR succeeded with the following output:
Change Dir: /tmp/tmp.Y6NElX1M2E/cmake-build-debug-dias33/CMakeFiles/CMakeTmp

Run Build Command(s):/usr/bin/make -f Makefile cmTC_9c9ae/fast && /usr/bin/make  -f CMakeFiles/cmTC_9c9ae.dir/build.make CMakeFiles/cmTC_9c9ae.dir/build
make[1]: Entering directory '/tmp/tmp.Y6NElX1M2E/cmake-build-debug-dias33/CMakeFiles/CMakeTmp'
Building CXX object CMakeFiles/cmTC_9c9ae.dir/src.cxx.o
/scratch/pelago/llvm-14/opt/bin/clang++ -DHAVE_CXX_FLAG_WERROR  -stdlib=libc++ -ffunction-sections -fdata-sections -march=native -mtune=native -fvisibility-inlines-hidden -O3  -Wall  -Wextra  -Wshadow  -Wfloat-equal  -Werror -fPIE   -Werror -std=c++11 -MD -MT CMakeFiles/cmTC_9c9ae.dir/src.cxx.o -MF CMakeFiles/cmTC_9c9ae.dir/src.cxx.o.d -o CMakeFiles/cmTC_9c9ae.dir/src.cxx.o -c /tmp/tmp.Y6NElX1M2E/cmake-build-debug-dias33/CMakeFiles/CMakeTmp/src.cxx
Linking CXX executable cmTC_9c9ae
/scratch/pelago/builds/llvm-14/opt/bin/cmake -E cmake_link_script CMakeFiles/cmTC_9c9ae.dir/link.txt --verbose=1
/scratch/pelago/llvm-14/opt/bin/clang++ -stdlib=libc++ -ffunction-sections -fdata-sections -march=native -mtune=native -fvisibility-inlines-hidden -O3  -Wall  -Wextra  -Wshadow  -Wfloat-equal  -Werror  -stdlib=libc++  CMakeFiles/cmTC_9c9ae.dir/src.cxx.o -o cmTC_9c9ae 
make[1]: Leaving directory '/tmp/tmp.Y6NElX1M2E/cmake-build-debug-dias33/CMakeFiles/CMakeTmp'


Source file was:
int main() { return 0; }
Performing C++ SOURCE FILE Test HAVE_CXX_FLAG_WSUGGEST_OVERRIDE succeeded with the following output:
Change Dir: /tmp/tmp.Y6NElX1M2E/cmake-build-debug-dias33/CMakeFiles/CMakeTmp

Run Build Command(s):/usr/bin/make -f Makefile cmTC_b2867/fast && /usr/bin/make  -f CMakeFiles/cmTC_b2867.dir/build.make CMakeFiles/cmTC_b2867.dir/build
make[1]: Entering directory '/tmp/tmp.Y6NElX1M2E/cmake-build-debug-dias33/CMakeFiles/CMakeTmp'
Building CXX object CMakeFiles/cmTC_b2867.dir/src.cxx.o
/scratch/pelago/llvm-14/opt/bin/clang++ -DHAVE_CXX_FLAG_WSUGGEST_OVERRIDE  -stdlib=libc++ -ffunction-sections -fdata-sections -march=native -mtune=native -fvisibility-inlines-hidden -O3  -Wall  -Wextra  -Wshadow  -Wfloat-equal  -Wsuggest-override -fPIE   -Wsuggest-override -std=c++11 -MD -MT CMakeFiles/cmTC_b2867.dir/src.cxx.o -MF CMakeFiles/cmTC_b2867.dir/src.cxx.o.d -o CMakeFiles/cmTC_b2867.dir/src.cxx.o -c /tmp/tmp.Y6NElX1M2E/cmake-build-debug-dias33/CMakeFiles/CMakeTmp/src.cxx
Linking CXX executable cmTC_b2867
/scratch/pelago/builds/llvm-14/opt/bin/cmake -E cmake_link_script CMakeFiles/cmTC_b2867.dir/link.txt --verbose=1
/scratch/pelago/llvm-14/opt/bin/clang++ -stdlib=libc++ -ffunction-sections -fdata-sections -march=native -mtune=native -fvisibility-inlines-hidden -O3  -Wall  -Wextra  -Wshadow  -Wfloat-equal  -Wsuggest-override  -stdlib=libc++  CMakeFiles/cmTC_b2867.dir/src.cxx.o -o cmTC_b2867 
make[1]: Leaving directory '/tmp/tmp.Y6NElX1M2E/cmake-build-debug-dias33/CMakeFiles/CMakeTmp'


Source file was:
int main() { return 0; }
Performing C++ SOURCE FILE Test HAVE_CXX_FLAG_PEDANTIC succeeded with the following output:
Change Dir: /tmp/tmp.Y6NElX1M2E/cmake-build-debug-dias33/CMakeFiles/CMakeTmp

Run Build Command(s):/usr/bin/make -f Makefile cmTC_33185/fast && /usr/bin/make  -f CMakeFiles/cmTC_33185.dir/build.make CMakeFiles/cmTC_33185.dir/build
make[1]: Entering directory '/tmp/tmp.Y6NElX1M2E/cmake-build-debug-dias33/CMakeFiles/CMakeTmp'
Building CXX object CMakeFiles/cmTC_33185.dir/src.cxx.o
/scratch/pelago/llvm-14/opt/bin/clang++ -DHAVE_CXX_FLAG_PEDANTIC  -stdlib=libc++ -ffunction-sections -fdata-sections -march=native -mtune=native -fvisibility-inlines-hidden -O3  -Wall  -Wextra  -Wshadow  -Wfloat-equal  -Wsuggest-override  -pedantic -fPIE   -pedantic -std=c++11 -MD -MT CMakeFiles/cmTC_33185.dir/src.cxx.o -MF CMakeFiles/cmTC_33185.dir/src.cxx.o.d -o CMakeFiles/cmTC_33185.dir/src.cxx.o -c /tmp/tmp.Y6NElX1M2E/cmake-build-debug-dias33/CMakeFiles/CMakeTmp/src.cxx
Linking CXX executable cmTC_33185
/scratch/pelago/builds/llvm-14/opt/bin/cmake -E cmake_link_script CMakeFiles/cmTC_33185.dir/link.txt --verbose=1
/scratch/pelago/llvm-14/opt/bin/clang++ -stdlib=libc++ -ffunction-sections -fdata-sections -march=native -mtune=native -fvisibility-inlines-hidden -O3  -Wall  -Wextra  -Wshadow  -Wfloat-equal  -Wsuggest-override  -pedantic  -stdlib=libc++  CMakeFiles/cmTC_33185.dir/src.cxx.o -o cmTC_33185 
make[1]: Leaving directory '/tmp/tmp.Y6NElX1M2E/cmake-build-debug-dias33/CMakeFiles/CMakeTmp'


Source file was:
int main() { return 0; }
Performing C++ SOURCE FILE Test HAVE_CXX_FLAG_PEDANTIC_ERRORS succeeded with the following output:
Change Dir: /tmp/tmp.Y6NElX1M2E/cmake-build-debug-dias33/CMakeFiles/CMakeTmp

Run Build Command(s):/usr/bin/make -f Makefile cmTC_b345f/fast && /usr/bin/make  -f CMakeFiles/cmTC_b345f.dir/build.make CMakeFiles/cmTC_b345f.dir/build
make[1]: Entering directory '/tmp/tmp.Y6NElX1M2E/cmake-build-debug-dias33/CMakeFiles/CMakeTmp'
Building CXX object CMakeFiles/cmTC_b345f.dir/src.cxx.o
/scratch/pelago/llvm-14/opt/bin/clang++ -DHAVE_CXX_FLAG_PEDANTIC_ERRORS  -stdlib=libc++ -ffunction-sections -fdata-sections -march=native -mtune=native -fvisibility-inlines-hidden -O3  -Wall  -Wextra  -Wshadow  -Wfloat-equal  -Wsuggest-override  -pedantic  -pedantic-errors -fPIE   -pedantic-errors -std=c++11 -MD -MT CMakeFiles/cmTC_b345f.dir/src.cxx.o -MF CMakeFiles/cmTC_b345f.dir/src.cxx.o.d -o CMakeFiles/cmTC_b345f.dir/src.cxx.o -c /tmp/tmp.Y6NElX1M2E/cmake-build-debug-dias33/CMakeFiles/CMakeTmp/src.cxx
Linking CXX executable cmTC_b345f
/scratch/pelago/builds/llvm-14/opt/bin/cmake -E cmake_link_script CMakeFiles/cmTC_b345f.dir/link.txt --verbose=1
/scratch/pelago/llvm-14/opt/bin/clang++ -stdlib=libc++ -ffunction-sections -fdata-sections -march=native -mtune=native -fvisibility-inlines-hidden -O3  -Wall  -Wextra  -Wshadow  -Wfloat-equal  -Wsuggest-override  -pedantic  -pedantic-errors  -stdlib=libc++  CMakeFiles/cmTC_b345f.dir/src.cxx.o -o cmTC_b345f 
make[1]: Leaving directory '/tmp/tmp.Y6NElX1M2E/cmake-build-debug-dias33/CMakeFiles/CMakeTmp'


Source file was:
int main() { return 0; }
Performing C++ SOURCE FILE Test HAVE_CXX_FLAG_WSHORTEN_64_TO_32 succeeded with the following output:
Change Dir: /tmp/tmp.Y6NElX1M2E/cmake-build-debug-dias33/CMakeFiles/CMakeTmp

Run Build Command(s):/usr/bin/make -f Makefile cmTC_072e9/fast && /usr/bin/make  -f CMakeFiles/cmTC_072e9.dir/build.make CMakeFiles/cmTC_072e9.dir/build
make[1]: Entering directory '/tmp/tmp.Y6NElX1M2E/cmake-build-debug-dias33/CMakeFiles/CMakeTmp'
Building CXX object CMakeFiles/cmTC_072e9.dir/src.cxx.o
/scratch/pelago/llvm-14/opt/bin/clang++ -DHAVE_CXX_FLAG_WSHORTEN_64_TO_32  -stdlib=libc++ -ffunction-sections -fdata-sections -march=native -mtune=native -fvisibility-inlines-hidden -O3  -Wall  -Wextra  -Wshadow  -Wfloat-equal  -Wsuggest-override  -pedantic  -pedantic-errors  -Wshorten-64-to-32 -fPIE   -Wshorten-64-to-32 -std=c++11 -MD -MT CMakeFiles/cmTC_072e9.dir/src.cxx.o -MF CMakeFiles/cmTC_072e9.dir/src.cxx.o.d -o CMakeFiles/cmTC_072e9.dir/src.cxx.o -c /tmp/tmp.Y6NElX1M2E/cmake-build-debug-dias33/CMakeFiles/CMakeTmp/src.cxx
Linking CXX executable cmTC_072e9
/scratch/pelago/builds/llvm-14/opt/bin/cmake -E cmake_link_script CMakeFiles/cmTC_072e9.dir/link.txt --verbose=1
/scratch/pelago/llvm-14/opt/bin/clang++ -stdlib=libc++ -ffunction-sections -fdata-sections -march=native -mtune=native -fvisibility-inlines-hidden -O3  -Wall  -Wextra  -Wshadow  -Wfloat-equal  -Wsuggest-override  -pedantic  -pedantic-errors  -Wshorten-64-to-32  -stdlib=libc++  CMakeFiles/cmTC_072e9.dir/src.cxx.o -o cmTC_072e9 
make[1]: Leaving directory '/tmp/tmp.Y6NElX1M2E/cmake-build-debug-dias33/CMakeFiles/CMakeTmp'


Source file was:
int main() { return 0; }
Performing C++ SOURCE FILE Test HAVE_CXX_FLAG_FSTRICT_ALIASING succeeded with the following output:
Change Dir: /tmp/tmp.Y6NElX1M2E/cmake-build-debug-dias33/CMakeFiles/CMakeTmp

Run Build Command(s):/usr/bin/make -f Makefile cmTC_21224/fast && /usr/bin/make  -f CMakeFiles/cmTC_21224.dir/build.make CMakeFiles/cmTC_21224.dir/build
make[1]: Entering directory '/tmp/tmp.Y6NElX1M2E/cmake-build-debug-dias33/CMakeFiles/CMakeTmp'
Building CXX object CMakeFiles/cmTC_21224.dir/src.cxx.o
/scratch/pelago/llvm-14/opt/bin/clang++ -DHAVE_CXX_FLAG_FSTRICT_ALIASING  -stdlib=libc++ -ffunction-sections -fdata-sections -march=native -mtune=native -fvisibility-inlines-hidden -O3  -Wall  -Wextra  -Wshadow  -Wfloat-equal  -Wsuggest-override  -pedantic  -pedantic-errors  -Wshorten-64-to-32  -fstrict-aliasing -fPIE   -fstrict-aliasing -std=c++11 -MD -MT CMakeFiles/cmTC_21224.dir/src.cxx.o -MF CMakeFiles/cmTC_21224.dir/src.cxx.o.d -o CMakeFiles/cmTC_21224.dir/src.cxx.o -c /tmp/tmp.Y6NElX1M2E/cmake-build-debug-dias33/CMakeFiles/CMakeTmp/src.cxx
Linking CXX executable cmTC_21224
/scratch/pelago/builds/llvm-14/opt/bin/cmake -E cmake_link_script CMakeFiles/cmTC_21224.dir/link.txt --verbose=1
/scratch/pelago/llvm-14/opt/bin/clang++ -stdlib=libc++ -ffunction-sections -fdata-sections -march=native -mtune=native -fvisibility-inlines-hidden -O3  -Wall  -Wextra  -Wshadow  -Wfloat-equal  -Wsuggest-override  -pedantic  -pedantic-errors  -Wshorten-64-to-32  -fstrict-aliasing  -stdlib=libc++  CMakeFiles/cmTC_21224.dir/src.cxx.o -o cmTC_21224 
make[1]: Leaving directory '/tmp/tmp.Y6NElX1M2E/cmake-build-debug-dias33/CMakeFiles/CMakeTmp'


Source file was:
int main() { return 0; }
Performing C++ SOURCE FILE Test HAVE_CXX_FLAG_WNO_DEPRECATED_DECLARATIONS succeeded with the following output:
Change Dir: /tmp/tmp.Y6NElX1M2E/cmake-build-debug-dias33/CMakeFiles/CMakeTmp

Run Build Command(s):/usr/bin/make -f Makefile cmTC_f059b/fast && /usr/bin/make  -f CMakeFiles/cmTC_f059b.dir/build.make CMakeFiles/cmTC_f059b.dir/build
make[1]: Entering directory '/tmp/tmp.Y6NElX1M2E/cmake-build-debug-dias33/CMakeFiles/CMakeTmp'
Building CXX object CMakeFiles/cmTC_f059b.dir/src.cxx.o
/scratch/pelago/llvm-14/opt/bin/clang++ -DHAVE_CXX_FLAG_WNO_DEPRECATED_DECLARATIONS  -stdlib=libc++ -ffunction-sections -fdata-sections -march=native -mtune=native -fvisibility-inlines-hidden -O3  -Wall  -Wextra  -Wshadow  -Wfloat-equal  -Wsuggest-override  -pedantic  -pedantic-errors  -Wshorten-64-to-32  -fstrict-aliasing  -Wno-deprecated-declarations -fPIE   -Wno-deprecated-declarations -std=c++11 -MD -MT CMakeFiles/cmTC_f059b.dir/src.cxx.o -MF CMakeFiles/cmTC_f059b.dir/src.cxx.o.d -o CMakeFiles/cmTC_f059b.dir/src.cxx.o -c /tmp/tmp.Y6NElX1M2E/cmake-build-debug-dias33/CMakeFiles/CMakeTmp/src.cxx
Linking CXX executable cmTC_f059b
/scratch/pelago/builds/llvm-14/opt/bin/cmake -E cmake_link_script CMakeFiles/cmTC_f059b.dir/link.txt --verbose=1
/scratch/pelago/llvm-14/opt/bin/clang++ -stdlib=libc++ -ffunction-sections -fdata-sections -march=native -mtune=native -fvisibility-inlines-hidden -O3  -Wall  -Wextra  -Wshadow  -Wfloat-equal  -Wsuggest-override  -pedantic  -pedantic-errors  -Wshorten-64-to-32  -fstrict-aliasing  -Wno-deprecated-declarations  -stdlib=libc++  CMakeFiles/cmTC_f059b.dir/src.cxx.o -o cmTC_f059b 
make[1]: Leaving directory '/tmp/tmp.Y6NElX1M2E/cmake-build-debug-dias33/CMakeFiles/CMakeTmp'


Source file was:
int main() { return 0; }
Performing C++ SOURCE FILE Test HAVE_CXX_FLAG_WNO_DEPRECATED succeeded with the following output:
Change Dir: /tmp/tmp.Y6NElX1M2E/cmake-build-debug-dias33/CMakeFiles/CMakeTmp

Run Build Command(s):/usr/bin/make -f Makefile cmTC_cac03/fast && /usr/bin/make  -f CMakeFiles/cmTC_cac03.dir/build.make CMakeFiles/cmTC_cac03.dir/build
make[1]: Entering directory '/tmp/tmp.Y6NElX1M2E/cmake-build-debug-dias33/CMakeFiles/CMakeTmp'
Building CXX object CMakeFiles/cmTC_cac03.dir/src.cxx.o
/scratch/pelago/llvm-14/opt/bin/clang++ -DHAVE_CXX_FLAG_WNO_DEPRECATED  -stdlib=libc++ -ffunction-sections -fdata-sections -march=native -mtune=native -fvisibility-inlines-hidden -O3  -Wall  -Wextra  -Wshadow  -Wfloat-equal  -Wsuggest-override  -pedantic  -pedantic-errors  -Wshorten-64-to-32  -fstrict-aliasing  -Wno-deprecated-declarations  -Wno-deprecated -fPIE   -Wno-deprecated -std=c++11 -MD -MT CMakeFiles/cmTC_cac03.dir/src.cxx.o -MF CMakeFiles/cmTC_cac03.dir/src.cxx.o.d -o CMakeFiles/cmTC_cac03.dir/src.cxx.o -c /tmp/tmp.Y6NElX1M2E/cmake-build-debug-dias33/CMakeFiles/CMakeTmp/src.cxx
Linking CXX executable cmTC_cac03
/scratch/pelago/builds/llvm-14/opt/bin/cmake -E cmake_link_script CMakeFiles/cmTC_cac03.dir/link.txt --verbose=1
/scratch/pelago/llvm-14/opt/bin/clang++ -stdlib=libc++ -ffunction-sections -fdata-sections -march=native -mtune=native -fvisibility-inlines-hidden -O3  -Wall  -Wextra  -Wshadow  -Wfloat-equal  -Wsuggest-override  -pedantic  -pedantic-errors  -Wshorten-64-to-32  -fstrict-aliasing  -Wno-deprecated-declarations  -Wno-deprecated  -stdlib=libc++  CMakeFiles/cmTC_cac03.dir/src.cxx.o -o cmTC_cac03 
make[1]: Leaving directory '/tmp/tmp.Y6NElX1M2E/cmake-build-debug-dias33/CMakeFiles/CMakeTmp'


Source file was:
int main() { return 0; }
Performing C++ SOURCE FILE Test HAVE_CXX_FLAG_WSTRICT_ALIASING succeeded with the following output:
Change Dir: /tmp/tmp.Y6NElX1M2E/cmake-build-debug-dias33/CMakeFiles/CMakeTmp

Run Build Command(s):/usr/bin/make -f Makefile cmTC_62019/fast && /usr/bin/make  -f CMakeFiles/cmTC_62019.dir/build.make CMakeFiles/cmTC_62019.dir/build
make[1]: Entering directory '/tmp/tmp.Y6NElX1M2E/cmake-build-debug-dias33/CMakeFiles/CMakeTmp'
Building CXX object CMakeFiles/cmTC_62019.dir/src.cxx.o
/scratch/pelago/llvm-14/opt/bin/clang++ -DHAVE_CXX_FLAG_WSTRICT_ALIASING  -stdlib=libc++ -ffunction-sections -fdata-sections -march=native -mtune=native -fvisibility-inlines-hidden -O3  -Wall  -Wextra  -Wshadow  -Wfloat-equal  -Wsuggest-override  -pedantic  -pedantic-errors  -Wshorten-64-to-32  -fstrict-aliasing  -Wno-deprecated-declarations  -Wstrict-aliasing -fPIE   -Wstrict-aliasing -std=c++11 -MD -MT CMakeFiles/cmTC_62019.dir/src.cxx.o -MF CMakeFiles/cmTC_62019.dir/src.cxx.o.d -o CMakeFiles/cmTC_62019.dir/src.cxx.o -c /tmp/tmp.Y6NElX1M2E/cmake-build-debug-dias33/CMakeFiles/CMakeTmp/src.cxx
Linking CXX executable cmTC_62019
/scratch/pelago/builds/llvm-14/opt/bin/cmake -E cmake_link_script CMakeFiles/cmTC_62019.dir/link.txt --verbose=1
/scratch/pelago/llvm-14/opt/bin/clang++ -stdlib=libc++ -ffunction-sections -fdata-sections -march=native -mtune=native -fvisibility-inlines-hidden -O3  -Wall  -Wextra  -Wshadow  -Wfloat-equal  -Wsuggest-override  -pedantic  -pedantic-errors  -Wshorten-64-to-32  -fstrict-aliasing  -Wno-deprecated-declarations  -Wstrict-aliasing  -stdlib=libc++  CMakeFiles/cmTC_62019.dir/src.cxx.o -o cmTC_62019 
make[1]: Leaving directory '/tmp/tmp.Y6NElX1M2E/cmake-build-debug-dias33/CMakeFiles/CMakeTmp'


Source file was:
int main() { return 0; }
Performing C++ SOURCE FILE Test HAVE_CXX_FLAG_WTHREAD_SAFETY succeeded with the following output:
Change Dir: /tmp/tmp.Y6NElX1M2E/cmake-build-debug-dias33/CMakeFiles/CMakeTmp

Run Build Command(s):/usr/bin/make -f Makefile cmTC_7da3b/fast && /usr/bin/make  -f CMakeFiles/cmTC_7da3b.dir/build.make CMakeFiles/cmTC_7da3b.dir/build
make[1]: Entering directory '/tmp/tmp.Y6NElX1M2E/cmake-build-debug-dias33/CMakeFiles/CMakeTmp'
Building CXX object CMakeFiles/cmTC_7da3b.dir/src.cxx.o
/scratch/pelago/llvm-14/opt/bin/clang++ -DHAVE_CXX_FLAG_WTHREAD_SAFETY  -stdlib=libc++ -ffunction-sections -fdata-sections -march=native -mtune=native -fvisibility-inlines-hidden -O3  -Wall  -Wextra  -Wshadow  -Wfloat-equal  -Wsuggest-override  -pedantic  -pedantic-errors  -Wshorten-64-to-32  -fstrict-aliasing  -Wno-deprecated-declarations  -Wstrict-aliasing  -Wthread-safety -fPIE   -Wthread-safety -std=c++11 -MD -MT CMakeFiles/cmTC_7da3b.dir/src.cxx.o -MF CMakeFiles/cmTC_7da3b.dir/src.cxx.o.d -o CMakeFiles/cmTC_7da3b.dir/src.cxx.o -c /tmp/tmp.Y6NElX1M2E/cmake-build-debug-dias33/CMakeFiles/CMakeTmp/src.cxx
Linking CXX executable cmTC_7da3b
/scratch/pelago/builds/llvm-14/opt/bin/cmake -E cmake_link_script CMakeFiles/cmTC_7da3b.dir/link.txt --verbose=1
/scratch/pelago/llvm-14/opt/bin/clang++ -stdlib=libc++ -ffunction-sections -fdata-sections -march=native -mtune=native -fvisibility-inlines-hidden -O3  -Wall  -Wextra  -Wshadow  -Wfloat-equal  -Wsuggest-override  -pedantic  -pedantic-errors  -Wshorten-64-to-32  -fstrict-aliasing  -Wno-deprecated-declarations  -Wstrict-aliasing  -Wthread-safety  -stdlib=libc++  CMakeFiles/cmTC_7da3b.dir/src.cxx.o -o cmTC_7da3b 
make[1]: Leaving directory '/tmp/tmp.Y6NElX1M2E/cmake-build-debug-dias33/CMakeFiles/CMakeTmp'


Source file was:
int main() { return 0; }
Performing C++ SOURCE FILE Test HAVE_CXX_FLAG_COVERAGE succeeded with the following output:
Change Dir: /tmp/tmp.Y6NElX1M2E/cmake-build-debug-dias33/CMakeFiles/CMakeTmp

Run Build Command(s):/usr/bin/make -f Makefile cmTC_57cde/fast && /usr/bin/make  -f CMakeFiles/cmTC_57cde.dir/build.make CMakeFiles/cmTC_57cde.dir/build
make[1]: Entering directory '/tmp/tmp.Y6NElX1M2E/cmake-build-debug-dias33/CMakeFiles/CMakeTmp'
Building CXX object CMakeFiles/cmTC_57cde.dir/src.cxx.o
/scratch/pelago/llvm-14/opt/bin/clang++ -DHAVE_CXX_FLAG_COVERAGE  -stdlib=libc++ -ffunction-sections -fdata-sections -march=native -mtune=native -fvisibility-inlines-hidden -O3  -Wall  -Wextra  -Wshadow  -Wfloat-equal  -Wsuggest-override  -pedantic  -pedantic-errors  -Wshorten-64-to-32  -fstrict-aliasing  -Wno-deprecated-declarations  -Wstrict-aliasing  -Wthread-safety  --coverage -fPIE   --coverage -std=c++11 -MD -MT CMakeFiles/cmTC_57cde.dir/src.cxx.o -MF CMakeFiles/cmTC_57cde.dir/src.cxx.o.d -o CMakeFiles/cmTC_57cde.dir/src.cxx.o -c /tmp/tmp.Y6NElX1M2E/cmake-build-debug-dias33/CMakeFiles/CMakeTmp/src.cxx
Linking CXX executable cmTC_57cde
/scratch/pelago/builds/llvm-14/opt/bin/cmake -E cmake_link_script CMakeFiles/cmTC_57cde.dir/link.txt --verbose=1
/scratch/pelago/llvm-14/opt/bin/clang++ -stdlib=libc++ -ffunction-sections -fdata-sections -march=native -mtune=native -fvisibility-inlines-hidden -O3  -Wall  -Wextra  -Wshadow  -Wfloat-equal  -Wsuggest-override  -pedantic  -pedantic-errors  -Wshorten-64-to-32  -fstrict-aliasing  -Wno-deprecated-declarations  -Wstrict-aliasing  -Wthread-safety  --coverage  -stdlib=libc++  CMakeFiles/cmTC_57cde.dir/src.cxx.o -o cmTC_57cde 
make[1]: Leaving directory '/tmp/tmp.Y6NElX1M2E/cmake-build-debug-dias33/CMakeFiles/CMakeTmp'


Source file was:
int main() { return 0; }
